Restore Archived Project report for lab3_p2
Wed Feb 17 14:28:56 2016
Quartus II 64-Bit Version 15.0.0 Build 145 04/22/2015 SJ Full Version


---------------------
; Table of Contents ;
---------------------
  1. Legal Notice
  2. Restore Archived Project Summary
  3. Restore Archived Project Messages
  4. Files Restored
  5. Files Not Restored



----------------
; Legal Notice ;
----------------
Copyright (C) 1991-2015 Altera Corporation. All rights reserved.
Your use of Altera Corporation's design tools, logic functions 
and other software and tools, and its AMPP partner logic 
functions, and any output files from any of the foregoing 
(including device programming or simulation files), and any 
associated documentation or information are expressly subject 
to the terms and conditions of the Altera Program License 
Subscription Agreement, the Altera Quartus II License Agreement,
the Altera MegaCore Function License Agreement, or other 
applicable license agreement, including, without limitation, 
that your use is for the sole purpose of programming logic 
devices manufactured by Altera and sold by Altera or its 
authorized distributors.  Please refer to the applicable 
agreement for further details.



+-------------------------------------------------------------------------+
; Restore Archived Project Summary                                        ;
+---------------------------------+---------------------------------------+
; Restore Archived Project Status ; Successful - Wed Feb 17 14:28:56 2016 ;
; Revision Name                   ; lab3_p2                               ;
; Top-level Entity Name           ; lab3_p2                               ;
; Family                          ; Cyclone V                             ;
+---------------------------------+---------------------------------------+


+-----------------------------------+
; Restore Archived Project Messages ;
+-----------------------------------+
Info: Successfully restored '/home/julam5/Desktop/lab3/lab3_p2/lab3_p2_tmp_archive.qar' into the '/home/julam5/Desktop/lab3/lab3_p3' directory
Info: Generated report 'lab3_p2.restore.rpt'


+-----------------------------------------------------------------------------------------------------------+
; Files Restored                                                                                            ;
+-----------------------------------------------------------------------------------------------------------+
; File Name                                                                                                 ;
+-----------------------------------------------------------------------------------------------------------+
; qar_info.json                                                                                             ;
; assignment_defaults.qdf                                                                                   ;
; four_7hex.v                                                                                               ;
; lab3_p2.qpf                                                                                               ;
; lab3_p2.qsf                                                                                               ;
; lab3_p2.v                                                                                                 ;
; lab3_p2_qsys.qsys                                                                                         ;
; lab3_p2_qsys.sopcinfo                                                                                     ;
; lab3_p2_qsys/lab3_p2_qsys.cmp                                                                             ;
; lab3_p2_qsys/synthesis/lab3_p2_qsys.debuginfo                                                             ;
; lab3_p2_qsys/synthesis/lab3_p2_qsys.qip                                                                   ;
; lab3_p2_qsys/synthesis/lab3_p2_qsys.regmap                                                                ;
; lab3_p2_qsys/synthesis/lab3_p2_qsys.v                                                                     ;
; lab3_p2_qsys/synthesis/lab3_p2_qsys_hps_0_hps.svd                                                         ;
; lab3_p2_qsys/synthesis/submodules/altdq_dqs2_acv_connect_to_hard_phy_cyclonev.sv                          ;
; lab3_p2_qsys/synthesis/submodules/altera_avalon_sc_fifo.v                                                 ;
; lab3_p2_qsys/synthesis/submodules/altera_avalon_st_pipeline_base.v                                        ;
; lab3_p2_qsys/synthesis/submodules/altera_avalon_st_pipeline_stage.sv                                      ;
; lab3_p2_qsys/synthesis/submodules/altera_default_burst_converter.sv                                       ;
; lab3_p2_qsys/synthesis/submodules/altera_incr_burst_converter.sv                                          ;
; lab3_p2_qsys/synthesis/submodules/altera_mem_if_dll_cyclonev.sv                                           ;
; lab3_p2_qsys/synthesis/submodules/altera_mem_if_hard_memory_controller_top_cyclonev.sv                    ;
; lab3_p2_qsys/synthesis/submodules/altera_mem_if_hhp_qseq_synth_top.v                                      ;
; lab3_p2_qsys/synthesis/submodules/altera_mem_if_oct_cyclonev.sv                                           ;
; lab3_p2_qsys/synthesis/submodules/altera_merlin_address_alignment.sv                                      ;
; lab3_p2_qsys/synthesis/submodules/altera_merlin_arbitrator.sv                                             ;
; lab3_p2_qsys/synthesis/submodules/altera_merlin_axi_master_ni.sv                                          ;
; lab3_p2_qsys/synthesis/submodules/altera_merlin_burst_adapter.sv                                          ;
; lab3_p2_qsys/synthesis/submodules/altera_merlin_burst_adapter_13_1.sv                                     ;
; lab3_p2_qsys/synthesis/submodules/altera_merlin_burst_adapter_new.sv                                      ;
; lab3_p2_qsys/synthesis/submodules/altera_merlin_burst_adapter_uncmpr.sv                                   ;
; lab3_p2_qsys/synthesis/submodules/altera_merlin_burst_uncompressor.sv                                     ;
; lab3_p2_qsys/synthesis/submodules/altera_merlin_master_agent.sv                                           ;
; lab3_p2_qsys/synthesis/submodules/altera_merlin_master_translator.sv                                      ;
; lab3_p2_qsys/synthesis/submodules/altera_merlin_reorder_memory.sv                                         ;
; lab3_p2_qsys/synthesis/submodules/altera_merlin_slave_agent.sv                                            ;
; lab3_p2_qsys/synthesis/submodules/altera_merlin_slave_translator.sv                                       ;
; lab3_p2_qsys/synthesis/submodules/altera_merlin_traffic_limiter.sv                                        ;
; lab3_p2_qsys/synthesis/submodules/altera_merlin_width_adapter.sv                                          ;
; lab3_p2_qsys/synthesis/submodules/altera_reset_controller.sdc                                             ;
; lab3_p2_qsys/synthesis/submodules/altera_reset_controller.v                                               ;
; lab3_p2_qsys/synthesis/submodules/altera_reset_synchronizer.v                                             ;
; lab3_p2_qsys/synthesis/submodules/altera_up_avalon_reset_from_locked_signal.v                             ;
; lab3_p2_qsys/synthesis/submodules/altera_wrap_burst_converter.sv                                          ;
; lab3_p2_qsys/synthesis/submodules/hps.pre.xml                                                             ;
; lab3_p2_qsys/synthesis/submodules/hps_AC_ROM.hex                                                          ;
; lab3_p2_qsys/synthesis/submodules/hps_inst_ROM.hex                                                        ;
; lab3_p2_qsys/synthesis/submodules/hps_sdram.v                                                             ;
; lab3_p2_qsys/synthesis/submodules/hps_sdram_p0.ppf                                                        ;
; lab3_p2_qsys/synthesis/submodules/hps_sdram_p0.sdc                                                        ;
; lab3_p2_qsys/synthesis/submodules/hps_sdram_p0.sv                                                         ;
; lab3_p2_qsys/synthesis/submodules/hps_sdram_p0_acv_hard_addr_cmd_pads.v                                   ;
; lab3_p2_qsys/synthesis/submodules/hps_sdram_p0_acv_hard_io_pads.v                                         ;
; lab3_p2_qsys/synthesis/submodules/hps_sdram_p0_acv_hard_memphy.v                                          ;
; lab3_p2_qsys/synthesis/submodules/hps_sdram_p0_acv_ldc.v                                                  ;
; lab3_p2_qsys/synthesis/submodules/hps_sdram_p0_altdqdqs.v                                                 ;
; lab3_p2_qsys/synthesis/submodules/hps_sdram_p0_clock_pair_generator.v                                     ;
; lab3_p2_qsys/synthesis/submodules/hps_sdram_p0_generic_ddio.v                                             ;
; lab3_p2_qsys/synthesis/submodules/hps_sdram_p0_iss_probe.v                                                ;
; lab3_p2_qsys/synthesis/submodules/hps_sdram_p0_parameters.tcl                                             ;
; lab3_p2_qsys/synthesis/submodules/hps_sdram_p0_phy_csr.sv                                                 ;
; lab3_p2_qsys/synthesis/submodules/hps_sdram_p0_pin_assignments.tcl                                        ;
; lab3_p2_qsys/synthesis/submodules/hps_sdram_p0_pin_map.tcl                                                ;
; lab3_p2_qsys/synthesis/submodules/hps_sdram_p0_report_timing.tcl                                          ;
; lab3_p2_qsys/synthesis/submodules/hps_sdram_p0_report_timing_core.tcl                                     ;
; lab3_p2_qsys/synthesis/submodules/hps_sdram_p0_reset.v                                                    ;
; lab3_p2_qsys/synthesis/submodules/hps_sdram_p0_reset_sync.v                                               ;
; lab3_p2_qsys/synthesis/submodules/hps_sdram_p0_timing.tcl                                                 ;
; lab3_p2_qsys/synthesis/submodules/hps_sdram_pll.sv                                                        ;
; lab3_p2_qsys/synthesis/submodules/lab3_p2_qsys_SDRAM.v                                                    ;
; lab3_p2_qsys/synthesis/submodules/lab3_p2_qsys_SDRAM_test_component.v                                     ;
; lab3_p2_qsys/synthesis/submodules/lab3_p2_qsys_done_input.v                                               ;
; lab3_p2_qsys/synthesis/submodules/lab3_p2_qsys_hps_0.v                                                    ;
; lab3_p2_qsys/synthesis/submodules/lab3_p2_qsys_hps_0_fpga_interfaces.sv                                   ;
; lab3_p2_qsys/synthesis/submodules/lab3_p2_qsys_hps_0_hps_io.v                                             ;
; lab3_p2_qsys/synthesis/submodules/lab3_p2_qsys_hps_0_hps_io_border.sv                                     ;
; lab3_p2_qsys/synthesis/submodules/lab3_p2_qsys_irq_mapper.sv                                              ;
; lab3_p2_qsys/synthesis/submodules/lab3_p2_qsys_irq_mapper_001.sv                                          ;
; lab3_p2_qsys/synthesis/submodules/lab3_p2_qsys_jtag_uart_0.v                                              ;
; lab3_p2_qsys/synthesis/submodules/lab3_p2_qsys_mm_interconnect_0.v                                        ;
; lab3_p2_qsys/synthesis/submodules/lab3_p2_qsys_mm_interconnect_0_avalon_st_adapter.v                      ;
; lab3_p2_qsys/synthesis/submodules/lab3_p2_qsys_mm_interconnect_0_avalon_st_adapter_001.v                  ;
; lab3_p2_qsys/synthesis/submodules/lab3_p2_qsys_mm_interconnect_0_avalon_st_adapter_001_error_adapter_0.sv ;
; lab3_p2_qsys/synthesis/submodules/lab3_p2_qsys_mm_interconnect_0_avalon_st_adapter_error_adapter_0.sv     ;
; lab3_p2_qsys/synthesis/submodules/lab3_p2_qsys_mm_interconnect_0_cmd_demux.sv                             ;
; lab3_p2_qsys/synthesis/submodules/lab3_p2_qsys_mm_interconnect_0_cmd_demux_002.sv                         ;
; lab3_p2_qsys/synthesis/submodules/lab3_p2_qsys_mm_interconnect_0_cmd_mux.sv                               ;
; lab3_p2_qsys/synthesis/submodules/lab3_p2_qsys_mm_interconnect_0_cmd_mux_001.sv                           ;
; lab3_p2_qsys/synthesis/submodules/lab3_p2_qsys_mm_interconnect_0_router.sv                                ;
; lab3_p2_qsys/synthesis/submodules/lab3_p2_qsys_mm_interconnect_0_router_002.sv                            ;
; lab3_p2_qsys/synthesis/submodules/lab3_p2_qsys_mm_interconnect_0_router_003.sv                            ;
; lab3_p2_qsys/synthesis/submodules/lab3_p2_qsys_mm_interconnect_0_router_004.sv                            ;
; lab3_p2_qsys/synthesis/submodules/lab3_p2_qsys_mm_interconnect_0_rsp_demux.sv                             ;
; lab3_p2_qsys/synthesis/submodules/lab3_p2_qsys_mm_interconnect_0_rsp_demux_001.sv                         ;
; lab3_p2_qsys/synthesis/submodules/lab3_p2_qsys_mm_interconnect_0_rsp_mux.sv                               ;
; lab3_p2_qsys/synthesis/submodules/lab3_p2_qsys_mm_interconnect_0_rsp_mux_002.sv                           ;
; lab3_p2_qsys/synthesis/submodules/lab3_p2_qsys_mm_interconnect_1.v                                        ;
; lab3_p2_qsys/synthesis/submodules/lab3_p2_qsys_mm_interconnect_1_cmd_demux.sv                             ;
; lab3_p2_qsys/synthesis/submodules/lab3_p2_qsys_mm_interconnect_1_cmd_mux.sv                               ;
; lab3_p2_qsys/synthesis/submodules/lab3_p2_qsys_mm_interconnect_1_router.sv                                ;
; lab3_p2_qsys/synthesis/submodules/lab3_p2_qsys_mm_interconnect_1_router_002.sv                            ;
; lab3_p2_qsys/synthesis/submodules/lab3_p2_qsys_mm_interconnect_1_rsp_demux.sv                             ;
; lab3_p2_qsys/synthesis/submodules/lab3_p2_qsys_mm_interconnect_1_rsp_mux.sv                               ;
; lab3_p2_qsys/synthesis/submodules/lab3_p2_qsys_onchip_memory2_0.hex                                       ;
; lab3_p2_qsys/synthesis/submodules/lab3_p2_qsys_onchip_memory2_0.v                                         ;
; lab3_p2_qsys/synthesis/submodules/lab3_p2_qsys_pushbutton.v                                               ;
; lab3_p2_qsys/synthesis/submodules/lab3_p2_qsys_ready_output.v                                             ;
; lab3_p2_qsys/synthesis/submodules/lab3_p2_qsys_sys_clk.v                                                  ;
; lab3_p2_qsys/synthesis/submodules/lab3_p2_qsys_sys_clk_sys_pll.qip                                        ;
; lab3_p2_qsys/synthesis/submodules/lab3_p2_qsys_sys_clk_sys_pll.v                                          ;
; lab3_p2_qsys/synthesis/submodules/sdram_master.v                                                          ;
; lab3_p2_qsys/synthesis/submodules/sequencer/alt_types.pre.h                                               ;
; lab3_p2_qsys/synthesis/submodules/sequencer/emif.pre.xml                                                  ;
; lab3_p2_qsys/synthesis/submodules/sequencer/sdram_io.pre.h                                                ;
; lab3_p2_qsys/synthesis/submodules/sequencer/sequencer.pre.c                                               ;
; lab3_p2_qsys/synthesis/submodules/sequencer/sequencer.pre.h                                               ;
; lab3_p2_qsys/synthesis/submodules/sequencer/sequencer_auto.pre.h                                          ;
; lab3_p2_qsys/synthesis/submodules/sequencer/sequencer_auto_ac_init.pre.c                                  ;
; lab3_p2_qsys/synthesis/submodules/sequencer/sequencer_auto_inst_init.pre.c                                ;
; lab3_p2_qsys/synthesis/submodules/sequencer/sequencer_defines.pre.h                                       ;
; lab3_p2_qsys/synthesis/submodules/sequencer/system.pre.h                                                  ;
; lab3_p2_qsys/synthesis/submodules/sequencer/tclrpt.pre.c                                                  ;
; lab3_p2_qsys/synthesis/submodules/sequencer/tclrpt.pre.h                                                  ;
; sdram_master_avalon_interface_hw.tcl                                                                      ;
+-----------------------------------------------------------------------------------------------------------+


+--------------------+
; Files Not Restored ;
+--------------------+
; File Name          ;
+--------------------+


