Assembler report for lab3_p2
Wed Feb 17 17:09:43 2016
Quartus II 64-Bit Version 15.0.0 Build 145 04/22/2015 SJ Full Version


---------------------
; Table of Contents ;
---------------------
  1. Legal Notice
  2. Assembler Summary
  3. Assembler Settings
  4. Assembler Encrypted IP Cores Summary
  5. Assembler Generated Files
  6. Assembler Device Options: lab3_p2.sof
  7. Assembler Messages



----------------
; Legal Notice ;
----------------
Copyright (C) 1991-2015 Altera Corporation. All rights reserved.
Your use of Altera Corporation's design tools, logic functions 
and other software and tools, and its AMPP partner logic 
functions, and any output files from any of the foregoing 
(including device programming or simulation files), and any 
associated documentation or information are expressly subject 
to the terms and conditions of the Altera Program License 
Subscription Agreement, the Altera Quartus II License Agreement,
the Altera MegaCore Function License Agreement, or other 
applicable license agreement, including, without limitation, 
that your use is for the sole purpose of programming logic 
devices manufactured by Altera and sold by Altera or its 
authorized distributors.  Please refer to the applicable 
agreement for further details.



+---------------------------------------------------------------+
; Assembler Summary                                             ;
+-----------------------+---------------------------------------+
; Assembler Status      ; Successful - Wed Feb 17 17:09:43 2016 ;
; Revision Name         ; lab3_p2                               ;
; Top-level Entity Name ; lab3_p2                               ;
; Family                ; Cyclone V                             ;
; Device                ; 5CSEMA5F31C6                          ;
+-----------------------+---------------------------------------+


+--------------------------------------------------------------------------------+
; Assembler Settings                                                             ;
+--------------------------------------------------------------------------------+
+--------------------------------------------------------------------------------+



+--------------------------------------------------------------------------------+
; Assembler Encrypted IP Cores Summary                                           ;
+--------------------------------------------------------------------------------+
Vendor       : Altera
IP Core Name : Signal Tap (6AF7 BCE1)
License Type : Licensed

Vendor       : Altera
IP Core Name : Signal Tap (6AF7 BCEC)
License Type : Licensed
+--------------------------------------------------------------------------------+



+---------------------------+
; Assembler Generated Files ;
+---------------------------+
; File Name                 ;
+---------------------------+
; lab3_p2.sof               ;
+---------------------------+


+---------------------------------------+
; Assembler Device Options: lab3_p2.sof ;
+----------------+----------------------+
; Option         ; Setting              ;
+----------------+----------------------+
; Device         ; 5CSEMA5F31C6         ;
; JTAG usercode  ; 0x01571662           ;
; Checksum       ; 0x01571662           ;
+----------------+----------------------+


+--------------------+
; Assembler Messages ;
+--------------------+
Info: *******************************************************************
Info: Running Quartus II 64-Bit Assembler
    Info: Version 15.0.0 Build 145 04/22/2015 SJ Full Version
    Info: Processing started: Wed Feb 17 17:09:23 2016
Info: Command: quartus_asm --read_settings_files=off --write_settings_files=off lab3_p2 -c lab3_p2
Info (115030): Assembler is generating device programming files
Info (11878): Hard Processor Subsystem configuration has not changed and a Preloader software update is not required
Info: Quartus II 64-Bit Assembler was successful. 0 errors, 0 warnings
    Info: Peak virtual memory: 1132 megabytes
    Info: Processing ended: Wed Feb 17 17:09:44 2016
    Info: Elapsed time: 00:00:21
    Info: Total CPU time (on all processors): 00:00:18


