Flow report for lab3_p1
Fri Jan 29 18:21:31 2016
Quartus II 64-Bit Version 15.0.0 Build 145 04/22/2015 SJ Full Version


---------------------
; Table of Contents ;
---------------------
  1. Legal Notice
  2. Flow Summary
  3. Flow Settings
  4. Flow Non-Default Global Settings
  5. Flow Elapsed Time
  6. Flow OS Summary
  7. Flow Log
  8. Flow Messages
  9. Flow Suppressed Messages



----------------
; Legal Notice ;
----------------
Copyright (C) 1991-2015 Altera Corporation. All rights reserved.
Your use of Altera Corporation's design tools, logic functions 
and other software and tools, and its AMPP partner logic 
functions, and any output files from any of the foregoing 
(including device programming or simulation files), and any 
associated documentation or information are expressly subject 
to the terms and conditions of the Altera Program License 
Subscription Agreement, the Altera Quartus II License Agreement,
the Altera MegaCore Function License Agreement, or other 
applicable license agreement, including, without limitation, 
that your use is for the sole purpose of programming logic 
devices manufactured by Altera and sold by Altera or its 
authorized distributors.  Please refer to the applicable 
agreement for further details.



+-------------------------------------------------------------------------------+
; Flow Summary                                                                  ;
+---------------------------------+---------------------------------------------+
; Flow Status                     ; Successful - Fri Jan 29 18:21:31 2016       ;
; Quartus II 64-Bit Version       ; 15.0.0 Build 145 04/22/2015 SJ Full Version ;
; Revision Name                   ; lab3_p1                                     ;
; Top-level Entity Name           ; lab3_p1                                     ;
; Family                          ; Cyclone V                                   ;
; Device                          ; 5CSEMA5F31C6                                ;
; Timing Models                   ; Final                                       ;
; Logic utilization (in ALMs)     ; 1,195 / 32,070 ( 4 % )                      ;
; Total registers                 ; 1457                                        ;
; Total pins                      ; 130 / 457 ( 28 % )                          ;
; Total virtual pins              ; 0                                           ;
; Total block memory bits         ; 132,096 / 4,065,280 ( 3 % )                 ;
; Total DSP Blocks                ; 0 / 87 ( 0 % )                              ;
; Total HSSI RX PCSs              ; 0                                           ;
; Total HSSI PMA RX Deserializers ; 0                                           ;
; Total HSSI TX PCSs              ; 0                                           ;
; Total HSSI PMA TX Serializers   ; 0                                           ;
; Total PLLs                      ; 1 / 6 ( 17 % )                              ;
; Total DLLs                      ; 1 / 4 ( 25 % )                              ;
+---------------------------------+---------------------------------------------+


+-----------------------------------------+
; Flow Settings                           ;
+-------------------+---------------------+
; Option            ; Setting             ;
+-------------------+---------------------+
; Start date & time ; 01/29/2016 18:13:00 ;
; Main task         ; Compilation         ;
; Revision Name     ; lab3_p1             ;
+-------------------+---------------------+


+----------------------------------------------------------------------------------------------------------------------------------------------------------------------------------------+
; Flow Non-Default Global Settings                                                                                                                                                       ;
+---------------------------------------+----------------------------------------------------------------------------+---------------+----------------------------------+----------------+
; Assignment Name                       ; Value                                                                      ; Default Value ; Entity Name                      ; Section Id     ;
+---------------------------------------+----------------------------------------------------------------------------+---------------+----------------------------------+----------------+
; COMPILER_SIGNATURE_ID                 ; 203178706204663.145411997924570                                            ; --            ; --                               ; --             ;
; ECO_REGENERATE_REPORT                 ; On                                                                         ; Off           ; --                               ; --             ;
; EDA_OUTPUT_DATA_FORMAT                ; Verilog Hdl                                                                ; --            ; --                               ; eda_simulation ;
; EDA_SIMULATION_TOOL                   ; ModelSim-Altera (Verilog)                                                  ; <None>        ; --                               ; --             ;
; HPS_ISW_FILE                          ; lab3_p1_qsys/synthesis/submodules/sequencer/sequencer_auto_ac_init.pre.c   ; --            ; lab3_p1_qsys_hps_0_hps_io_border ; --             ;
; HPS_ISW_FILE                          ; lab3_p1_qsys/synthesis/submodules/sequencer/system.pre.h                   ; --            ; lab3_p1_qsys_hps_0_hps_io_border ; --             ;
; HPS_ISW_FILE                          ; lab3_p1_qsys/synthesis/submodules/sequencer/alt_types.pre.h                ; --            ; lab3_p1_qsys_hps_0_hps_io_border ; --             ;
; HPS_ISW_FILE                          ; lab3_p1_qsys/synthesis/submodules/sequencer/sdram_io.pre.h                 ; --            ; lab3_p1_qsys_hps_0_hps_io_border ; --             ;
; HPS_ISW_FILE                          ; lab3_p1_qsys/synthesis/submodules/sequencer/sequencer.pre.c                ; --            ; lab3_p1_qsys_hps_0_hps_io_border ; --             ;
; HPS_ISW_FILE                          ; lab3_p1_qsys/synthesis/submodules/sequencer/sequencer_auto_inst_init.pre.c ; --            ; lab3_p1_qsys_hps_0_hps_io_border ; --             ;
; HPS_ISW_FILE                          ; lab3_p1_qsys/synthesis/submodules/sequencer/sequencer_defines.pre.h        ; --            ; lab3_p1_qsys_hps_0_hps_io_border ; --             ;
; HPS_ISW_FILE                          ; lab3_p1_qsys/synthesis/submodules/sequencer/sequencer.pre.h                ; --            ; lab3_p1_qsys_hps_0_hps_io_border ; --             ;
; HPS_ISW_FILE                          ; lab3_p1_qsys/synthesis/submodules/sequencer/emif.pre.xml                   ; --            ; lab3_p1_qsys_hps_0_hps_io_border ; --             ;
; HPS_ISW_FILE                          ; lab3_p1_qsys/synthesis/submodules/sequencer/tclrpt.pre.h                   ; --            ; lab3_p1_qsys_hps_0_hps_io_border ; --             ;
; HPS_ISW_FILE                          ; lab3_p1_qsys/synthesis/submodules/sequencer/tclrpt.pre.c                   ; --            ; lab3_p1_qsys_hps_0_hps_io_border ; --             ;
; HPS_ISW_FILE                          ; lab3_p1_qsys/synthesis/submodules/sequencer/sequencer_auto.pre.h           ; --            ; lab3_p1_qsys_hps_0_hps_io_border ; --             ;
; HPS_ISW_FILE                          ; lab3_p1_qsys/synthesis/submodules/hps.pre.xml                              ; --            ; lab3_p1_qsys_hps_0_hps_io_border ; --             ;
; HPS_PARTITION                         ; On                                                                         ; --            ; lab3_p1_qsys_hps_0_hps_io_border ; --             ;
; MAX_CORE_JUNCTION_TEMP                ; 85                                                                         ; --            ; --                               ; --             ;
; MIN_CORE_JUNCTION_TEMP                ; 0                                                                          ; --            ; --                               ; --             ;
; MISC_FILE                             ; lab3_p1_qsys/synthesis/../lab3_p1_qsys.cmp                                 ; --            ; --                               ; --             ;
; MISC_FILE                             ; lab3_p1_qsys/synthesis/lab3_p1_qsys_hps_0_hps.svd                          ; --            ; --                               ; --             ;
; MISC_FILE                             ; lab3_p1_qsys/synthesis/../../lab3_p1_qsys.qsys                             ; --            ; --                               ; --             ;
; MISC_FILE                             ; lab3_p1_qsys/synthesis/submodules/sequencer/sequencer_auto_ac_init.pre.c   ; --            ; --                               ; --             ;
; MISC_FILE                             ; lab3_p1_qsys/synthesis/submodules/sequencer/system.pre.h                   ; --            ; --                               ; --             ;
; MISC_FILE                             ; lab3_p1_qsys/synthesis/submodules/sequencer/alt_types.pre.h                ; --            ; --                               ; --             ;
; MISC_FILE                             ; lab3_p1_qsys/synthesis/submodules/sequencer/sdram_io.pre.h                 ; --            ; --                               ; --             ;
; MISC_FILE                             ; lab3_p1_qsys/synthesis/submodules/sequencer/sequencer.pre.c                ; --            ; --                               ; --             ;
; MISC_FILE                             ; lab3_p1_qsys/synthesis/submodules/sequencer/sequencer_auto_inst_init.pre.c ; --            ; --                               ; --             ;
; MISC_FILE                             ; lab3_p1_qsys/synthesis/submodules/sequencer/sequencer_defines.pre.h        ; --            ; --                               ; --             ;
; MISC_FILE                             ; lab3_p1_qsys/synthesis/submodules/sequencer/sequencer.pre.h                ; --            ; --                               ; --             ;
; MISC_FILE                             ; lab3_p1_qsys/synthesis/submodules/sequencer/emif.pre.xml                   ; --            ; --                               ; --             ;
; MISC_FILE                             ; lab3_p1_qsys/synthesis/submodules/sequencer/tclrpt.pre.h                   ; --            ; --                               ; --             ;
; MISC_FILE                             ; lab3_p1_qsys/synthesis/submodules/sequencer/tclrpt.pre.c                   ; --            ; --                               ; --             ;
; MISC_FILE                             ; lab3_p1_qsys/synthesis/submodules/sequencer/sequencer_auto.pre.h           ; --            ; --                               ; --             ;
; MISC_FILE                             ; lab3_p1_qsys/synthesis/submodules/hps.pre.xml                              ; --            ; --                               ; --             ;
; PARTITION_COLOR                       ; 16764057                                                                   ; --            ; --                               ; Top            ;
; PARTITION_FITTER_PRESERVATION_LEVEL   ; PLACEMENT_AND_ROUTING                                                      ; --            ; --                               ; Top            ;
; PARTITION_NETLIST_TYPE                ; SOURCE                                                                     ; --            ; --                               ; Top            ;
; POWER_BOARD_THERMAL_MODEL             ; None (CONSERVATIVE)                                                        ; --            ; --                               ; --             ;
; POWER_PRESET_COOLING_SOLUTION         ; 23 MM HEAT SINK WITH 200 LFPM AIRFLOW                                      ; --            ; --                               ; --             ;
; PROJECT_OUTPUT_DIRECTORY              ; output_files                                                               ; --            ; --                               ; --             ;
; SLD_FILE                              ; lab3_p1_qsys/synthesis/lab3_p1_qsys.regmap                                 ; --            ; --                               ; --             ;
; SLD_FILE                              ; lab3_p1_qsys/synthesis/lab3_p1_qsys.debuginfo                              ; --            ; --                               ; --             ;
; SLD_INFO                              ; QSYS_NAME lab3_p1_qsys HAS_SOPCINFO 1 GENERATION_ID 1454119460             ; --            ; lab3_p1_qsys                     ; --             ;
; SOPCINFO_FILE                         ; lab3_p1_qsys/synthesis/../../lab3_p1_qsys.sopcinfo                         ; --            ; --                               ; --             ;
; SYNTHESIS_ONLY_QIP                    ; On                                                                         ; --            ; --                               ; --             ;
; USE_DLL_FREQUENCY_FOR_DQS_DELAY_CHAIN ; On                                                                         ; Off           ; --                               ; --             ;
+---------------------------------------+----------------------------------------------------------------------------+---------------+----------------------------------+----------------+


+-------------------------------------------------------------------------------------------------------------------------------+
; Flow Elapsed Time                                                                                                             ;
+---------------------------+--------------+-------------------------+---------------------+------------------------------------+
; Module Name               ; Elapsed Time ; Average Processors Used ; Peak Virtual Memory ; Total CPU Time (on all processors) ;
+---------------------------+--------------+-------------------------+---------------------+------------------------------------+
; Analysis & Synthesis      ; 00:00:58     ; 1.0                     ; 1374 MB             ; 00:01:18                           ;
; Fitter                    ; 00:01:55     ; 1.5                     ; 2959 MB             ; 00:02:37                           ;
; Assembler                 ; 00:00:20     ; 1.0                     ; 1120 MB             ; 00:00:17                           ;
; TimeQuest Timing Analyzer ; 00:01:03     ; 1.3                     ; 1855 MB             ; 00:01:06                           ;
; EDA Netlist Writer        ; 00:00:09     ; 1.0                     ; 1452 MB             ; 00:00:07                           ;
; Total                     ; 00:04:25     ; --                      ; --                  ; 00:05:25                           ;
+---------------------------+--------------+-------------------------+---------------------+------------------------------------+


+--------------------------------------------------------------------------------------+
; Flow OS Summary                                                                      ;
+---------------------------+------------------+---------+------------+----------------+
; Module Name               ; Machine Hostname ; OS Name ; OS Version ; Processor type ;
+---------------------------+------------------+---------+------------+----------------+
; Analysis & Synthesis      ; python           ; Red Hat ; 6          ; x86_64         ;
; Fitter                    ; python           ; Red Hat ; 6          ; x86_64         ;
; Assembler                 ; python           ; Red Hat ; 6          ; x86_64         ;
; TimeQuest Timing Analyzer ; python           ; Red Hat ; 6          ; x86_64         ;
; EDA Netlist Writer        ; python           ; Red Hat ; 6          ; x86_64         ;
+---------------------------+------------------+---------+------------+----------------+


------------
; Flow Log ;
------------
quartus_map --read_settings_files=on --write_settings_files=off lab3_p1 -c lab3_p1
quartus_fit --read_settings_files=off --write_settings_files=off lab3_p1 -c lab3_p1
quartus_asm --read_settings_files=off --write_settings_files=off lab3_p1 -c lab3_p1
quartus_sta lab3_p1 -c lab3_p1
quartus_eda --read_settings_files=off --write_settings_files=off lab3_p1 -c lab3_p1



